ASSET_MANAGE_PROJECT/build/intermediates/manifest_merge_blame_file/devDebug/manifest-merger-blame-dev-debug-report.txt
1<?xml version="1.0" encoding="utf-8"?>
2<manifest xmlns:android="http://schemas.android.com/apk/res/android"
3    package="com.mcnc.bizmob.manageapp.dev"
4    android:versionCode="1"
5    android:versionName="1.0.0" >
6
7    <uses-sdk
8        android:minSdkVersion="19"
8-->src\main\AndroidManifest.xml
9        android:targetSdkVersion="31" />
9-->src\main\AndroidManifest.xml
10
11    <!-- 인터넷 관련 퍼미션 -->
12    <uses-permission android:name="android.permission.INTERNET" />
12-->src\main\AndroidManifest.xml:7:5-67
12-->src\main\AndroidManifest.xml:7:22-64
13    <!-- 전화 정보 관련 퍼미션 -->
14    <uses-permission
14-->src\main\AndroidManifest.xml:9:5-101
15        android:name="android.permission.READ_PHONE_STATE"
15-->src\main\AndroidManifest.xml:9:22-72
16        android:maxSdkVersion="29" />
16-->src\main\AndroidManifest.xml:9:73-99
17    <uses-permission android:name="android.permission.READ_PHONE_NUMBERS" />
17-->src\main\AndroidManifest.xml:10:5-77
17-->src\main\AndroidManifest.xml:10:22-74
18    <!-- 전화 걸기 관련 퍼미션 -->
19    <uses-permission android:name="android.permission.CALL_PHONE" />
19-->src\main\AndroidManifest.xml:12:5-69
19-->src\main\AndroidManifest.xml:12:22-66
20    <!-- 저장소 읽고/쓰기 관련 퍼미션 -->
21    <uses-permission android:name="android.permission.READ_EXTERNAL_STORAGE" />
21-->src\main\AndroidManifest.xml:14:5-80
21-->src\main\AndroidManifest.xml:14:22-77
22    <uses-permission android:name="android.permission.WRITE_EXTERNAL_STORAGE" />
22-->src\main\AndroidManifest.xml:15:5-81
22-->src\main\AndroidManifest.xml:15:22-78
23    <!-- 네트워크 상태 정보 수신 관련 퍼미션 -->
24    <uses-permission android:name="android.permission.ACCESS_NETWORK_STATE" />
24-->src\main\AndroidManifest.xml:17:5-79
24-->src\main\AndroidManifest.xml:17:22-76
25    <uses-permission android:name="android.permission.CHANGE_NETWORK_STATE" />
25-->src\main\AndroidManifest.xml:18:5-79
25-->src\main\AndroidManifest.xml:18:22-76
26    <!-- wifi상태 정보 수신 관련 퍼미션 -->
27    <uses-permission android:name="android.permission.ACCESS_WIFI_STATE" />
27-->src\main\AndroidManifest.xml:20:5-76
27-->src\main\AndroidManifest.xml:20:22-73
28    <uses-permission android:name="android.permission.CHANGE_WIFI_STATE" />
28-->src\main\AndroidManifest.xml:21:5-76
28-->src\main\AndroidManifest.xml:21:22-73
29    <!-- 폰 계정 접근 관련 퍼미션 -->
30    <uses-permission android:name="android.permission.GET_ACCOUNTS" />
30-->src\main\AndroidManifest.xml:23:5-71
30-->src\main\AndroidManifest.xml:23:22-68
31    <!-- GPS 관련 퍼미션 -->
32    <uses-permission android:name="android.permission.ACCESS_COARSE_LOCATION" />
32-->src\main\AndroidManifest.xml:25:5-81
32-->src\main\AndroidManifest.xml:25:22-78
33    <uses-permission android:name="android.permission.ACCESS_FINE_LOCATION" />
33-->src\main\AndroidManifest.xml:26:5-79
33-->src\main\AndroidManifest.xml:26:22-76
34    <uses-permission android:name="android.permission.ACCESS_LOCATION_EXTRA_COMMANDS" />
34-->src\main\AndroidManifest.xml:27:5-89
34-->src\main\AndroidManifest.xml:27:22-86
35    <!-- 연락처 읽고 /쓰기 관련 퍼미션 -->
36    <uses-permission android:name="android.permission.READ_CONTACTS" />
36-->src\main\AndroidManifest.xml:29:5-72
36-->src\main\AndroidManifest.xml:29:22-69
37    <uses-permission android:name="android.permission.WRITE_CONTACTS" />
37-->src\main\AndroidManifest.xml:30:5-73
37-->src\main\AndroidManifest.xml:30:22-70
38    <!-- 프로세스 강제 종료 관련 퍼미션 -->
39    <uses-permission android:name="android.permission.KILL_BACKGROUND_PROCESSES" />
39-->src\main\AndroidManifest.xml:32:5-84
39-->src\main\AndroidManifest.xml:32:22-81
40    <!-- 문자 송수신 관련 퍼미션 -->
41    <!-- <uses-permission android:name="android.permission.RECEIVE_SMS" /> -->
42    <!-- <uses-permission android:name="android.permission.SEND_SMS" /> -->
43    <!-- 화면 녹화 관련 퍼미션 -->
44    <uses-permission android:name="android.permission.RECORD_AUDIO" />
44-->src\main\AndroidManifest.xml:37:5-71
44-->src\main\AndroidManifest.xml:37:22-68
45    <!-- 현재 실행된 작업 목록 조회 관련 퍼미션 -->
46    <uses-permission android:name="android.permission.GET_TASKS" /> <!-- android 5.0(API 21) 부터 deprecated 됨 -->
46-->src\main\AndroidManifest.xml:39:5-68
46-->src\main\AndroidManifest.xml:39:22-65
47    <!-- 지문인식 관련 퍼미션 -->
48    <uses-permission android:name="android.permission.USE_BIOMETRIC" />
48-->src\main\AndroidManifest.xml:41:5-72
48-->src\main\AndroidManifest.xml:41:22-69
49    <!-- 메시지 받을 때 wake up 하기 위해 -->
50    <uses-permission android:name="android.permission.WAKE_LOCK" />
50-->src\main\AndroidManifest.xml:43:5-68
50-->src\main\AndroidManifest.xml:43:22-65
51    <!-- 8.0 이상 '출처를 알수 없는 앱, 구글 악성 앱 확인' 를 위한 권한 -->
52    <uses-permission android:name="android.permission.REQUEST_INSTALL_PACKAGES" />
52-->src\main\AndroidManifest.xml:45:5-82
52-->src\main\AndroidManifest.xml:45:22-80
53    <uses-permission android:name="com.mcnc.bizmob.manageapp.dev.permission.C2D_MESSAGE" />
53-->src\main\AndroidManifest.xml:47:22-76
54
55    <permission
56        android:name="com.mcnc.bizmob.manageapp.dev.permission.C2D_MESSAGE"
56-->src\main\AndroidManifest.xml:49:9-63
57        android:protectionLevel="signature" />
57-->src\main\AndroidManifest.xml:50:9-44
58
59    <uses-permission android:name="com.google.android.c2dm.permission.RECEIVE" />
59-->src\main\AndroidManifest.xml:51:5-82
59-->src\main\AndroidManifest.xml:51:22-79
60    <uses-permission android:name="com.google.android.c2dm.permission.send" />
60-->src\main\AndroidManifest.xml:52:5-79
60-->src\main\AndroidManifest.xml:52:22-76
61    <uses-permission android:name="android.permission.CAMERA" /> <!-- Don't require camera, as this requires a rear camera. This allows it to work on the Nexus 7 -->
61-->[com.journeyapps:zxing-android-embedded:3.6.0] AndroidManifest.xml:22:5-65
61-->[com.journeyapps:zxing-android-embedded:3.6.0] AndroidManifest.xml:22:22-62
62    <uses-feature
62-->[com.journeyapps:zxing-android-embedded:3.6.0] AndroidManifest.xml:25:5-27:36
63        android:name="android.hardware.camera"
63-->[com.journeyapps:zxing-android-embedded:3.6.0] AndroidManifest.xml:26:9-47
64        android:required="false" />
64-->[com.journeyapps:zxing-android-embedded:3.6.0] AndroidManifest.xml:27:9-33
65    <uses-feature
65-->[com.journeyapps:zxing-android-embedded:3.6.0] AndroidManifest.xml:28:5-30:36
66        android:name="android.hardware.camera.front"
66-->[com.journeyapps:zxing-android-embedded:3.6.0] AndroidManifest.xml:29:9-53
67        android:required="false" /> <!-- TODO replace above two with next line after Android 4.2 -->
67-->[com.journeyapps:zxing-android-embedded:3.6.0] AndroidManifest.xml:30:9-33
68    <!-- <uses-feature android:name="android.hardware.camera.any"/> -->
69    <uses-feature
69-->[com.journeyapps:zxing-android-embedded:3.6.0] AndroidManifest.xml:33:5-35:36
70        android:name="android.hardware.camera.autofocus"
70-->[com.journeyapps:zxing-android-embedded:3.6.0] AndroidManifest.xml:34:9-57
71        android:required="false" />
71-->[com.journeyapps:zxing-android-embedded:3.6.0] AndroidManifest.xml:35:9-33
72    <uses-feature
72-->[com.journeyapps:zxing-android-embedded:3.6.0] AndroidManifest.xml:36:5-38:36
73        android:name="android.hardware.camera.flash"
73-->[com.journeyapps:zxing-android-embedded:3.6.0] AndroidManifest.xml:37:9-53
74        android:required="false" />
74-->[com.journeyapps:zxing-android-embedded:3.6.0] AndroidManifest.xml:38:9-33
75    <uses-feature
75-->[com.journeyapps:zxing-android-embedded:3.6.0] AndroidManifest.xml:39:5-41:36
76        android:name="android.hardware.screen.landscape"
76-->[com.journeyapps:zxing-android-embedded:3.6.0] AndroidManifest.xml:40:9-57
77        android:required="false" />
77-->[com.journeyapps:zxing-android-embedded:3.6.0] AndroidManifest.xml:41:9-33
78    <uses-feature
78-->[com.journeyapps:zxing-android-embedded:3.6.0] AndroidManifest.xml:42:5-44:36
79        android:name="android.hardware.wifi"
79-->[com.journeyapps:zxing-android-embedded:3.6.0] AndroidManifest.xml:43:9-45
80        android:required="false" /> <!-- suppress DeprecatedClassUsageInspection -->
80-->[com.journeyapps:zxing-android-embedded:3.6.0] AndroidManifest.xml:44:9-33
81    <uses-permission android:name="android.permission.USE_FINGERPRINT" />
81-->[androidx.biometric:biometric:1.2.0-alpha03] AndroidManifest.xml:27:5-74
81-->[androidx.biometric:biometric:1.2.0-alpha03] AndroidManifest.xml:27:22-71
82
83    <application
84        android:name="com.mcnc.bizmob.manage.Init"
84-->src\main\AndroidManifest.xml:54:9-51
85        android:allowBackup="false"
85-->src\main\AndroidManifest.xml:56:9-36
86        android:appComponentFactory="androidx.core.app.CoreComponentFactory"
86-->[androidx.core:core:1.3.2] AndroidManifest.xml:24:18-86
87        android:debuggable="true"
88        android:fullBackupContent="false"
88-->src\main\AndroidManifest.xml:57:9-42
89        android:fullBackupOnly="false"
89-->src\main\AndroidManifest.xml:58:9-39
90        android:hardwareAccelerated="true"
90-->src\main\AndroidManifest.xml:59:9-43
91        android:icon="@mipmap/ic_launcher"
91-->src\main\AndroidManifest.xml:60:9-43
92        android:label="@string/app_dev_name"
92-->src\main\AndroidManifest.xml:61:9-44
93        android:largeHeap="true"
93-->src\main\AndroidManifest.xml:62:9-33
94        android:requestLegacyExternalStorage="true"
94-->src\main\AndroidManifest.xml:64:9-52
95        android:testOnly="true"
96        android:theme="@style/AppTheme"
96-->src\main\AndroidManifest.xml:63:9-40
97        android:usesCleartextTraffic="true" >
97-->src\main\AndroidManifest.xml:55:9-44
98        <uses-library
98-->src\main\AndroidManifest.xml:67:9-88
99            android:name="org.apache.http.legacy"
99-->src\main\AndroidManifest.xml:67:23-60
100            android:required="false" />
100-->src\main\AndroidManifest.xml:67:61-85
101
102        <!-- Launcher Activity -->
103        <activity
104            android:name="com.mcnc.bizmob.manage.SlideFragmentActivity"
104-->src\main\AndroidManifest.xml:71:13-72
105            android:configChanges="orientation|keyboard|keyboardHidden|screenSize"
105-->src\main\AndroidManifest.xml:72:13-83
106            android:exported="true"
106-->src\main\AndroidManifest.xml:75:13-36
107            android:label="@string/app_dev_name"
107-->src\main\AndroidManifest.xml:73:13-48
108            android:screenOrientation="portrait"
108-->src\main\AndroidManifest.xml:74:13-49
109            android:theme="@style/Theme.Translucent" >
109-->src\main\AndroidManifest.xml:76:13-53
110            <intent-filter>
110-->src\main\AndroidManifest.xml:77:13-81:29
111                <action android:name="android.intent.action.MAIN" />
111-->src\main\AndroidManifest.xml:78:17-69
111-->src\main\AndroidManifest.xml:78:25-66
112
113                <category android:name="android.intent.category.LAUNCHER" />
113-->src\main\AndroidManifest.xml:80:17-77
113-->src\main\AndroidManifest.xml:80:27-74
114            </intent-filter>
115        </activity>
116
117        <!-- 외부로 부터 Push나 Url Scheme을 통해 들어올때 처리하는 Activity -->
118        <activity
119            android:name="com.mcnc.bizmob.view.DummyActivity"
119-->src\main\AndroidManifest.xml:86:13-62
120            android:exported="true"
120-->src\main\AndroidManifest.xml:87:13-36
121            android:label="@string/app_dev_name" >
121-->src\main\AndroidManifest.xml:88:13-48
122            <intent-filter>
122-->src\main\AndroidManifest.xml:89:13-95:29
123                <category android:name="android.intent.category.DEFAULT" />
123-->src\main\AndroidManifest.xml:90:17-76
123-->src\main\AndroidManifest.xml:90:27-73
124                <category android:name="android.intent.category.BROWSABLE" />
124-->src\main\AndroidManifest.xml:91:17-78
124-->src\main\AndroidManifest.xml:91:27-75
125
126                <action android:name="android.intent.action.VIEW" />
126-->src\main\AndroidManifest.xml:93:17-69
126-->src\main\AndroidManifest.xml:93:25-66
127
128                <data android:scheme="bizmob.base" />
128-->src\main\AndroidManifest.xml:94:17-54
128-->src\main\AndroidManifest.xml:94:23-51
129            </intent-filter>
130        </activity>
131
132        <!-- FCM notification click_action 처리 Activity -->
133        <activity
134            android:name="com.mcnc.bizmob.view.FcmControlActivity"
134-->src\main\AndroidManifest.xml:100:13-67
135            android:exported="false"
135-->src\main\AndroidManifest.xml:101:13-37
136            android:label="@string/app_dev_name" >
136-->src\main\AndroidManifest.xml:102:13-48
137            <intent-filter>
137-->src\main\AndroidManifest.xml:103:13-106:29
138                <category android:name="android.intent.category.DEFAULT" />
138-->src\main\AndroidManifest.xml:90:17-76
138-->src\main\AndroidManifest.xml:90:27-73
139
140                <action android:name="OPEN_FCM_CONTROL_ACTIVITY" />
140-->src\main\AndroidManifest.xml:105:17-68
140-->src\main\AndroidManifest.xml:105:25-65
141            </intent-filter>
142        </activity>
143
144        <!-- Qr and Barcode Reader 화면 -->
145        <activity
145-->src\main\AndroidManifest.xml:110:9-115:72
146            android:name="com.mcnc.bizmob.view.barcode.CaptureActivity"
146-->src\main\AndroidManifest.xml:111:13-72
147            android:configChanges="orientation|keyboard|keyboardHidden|screenSize"
147-->src\main\AndroidManifest.xml:112:13-83
148            android:screenOrientation="fullSensor"
148-->src\main\AndroidManifest.xml:113:13-51
149            android:theme="@android:style/Theme.Light.NoTitleBar" />
149-->src\main\AndroidManifest.xml:114:13-66
150
151        <!-- Log file list Viewer Activity -->
152        <activity
152-->src\main\AndroidManifest.xml:118:9-120:69
153            android:name="com.mcnc.bizmob.view.log.LogViewerActivity"
153-->src\main\AndroidManifest.xml:119:13-70
154            android:theme="@android:style/Theme.Light.NoTitleBar" />
154-->src\main\AndroidManifest.xml:120:13-66
155
156        <!-- File Browser Viewer Activity -->
157        <activity
157-->src\main\AndroidManifest.xml:123:9-125:69
158            android:name="com.mcnc.bizmob.view.filebrowser.FileBrowserActivity"
158-->src\main\AndroidManifest.xml:124:13-80
159            android:theme="@android:style/Theme.Light.NoTitleBar" />
159-->src\main\AndroidManifest.xml:125:13-66
160
161        <!-- internal Browser Activity -->
162        <activity
162-->src\main\AndroidManifest.xml:128:9-131:57
163            android:name="com.mcnc.bizmob.view.internal.InternalBrowserActivity"
163-->src\main\AndroidManifest.xml:129:13-81
164            android:configChanges="orientation|keyboard|keyboardHidden|screenSize"
164-->src\main\AndroidManifest.xml:130:13-83
165            android:theme="@android:style/Theme.Light" />
165-->src\main\AndroidManifest.xml:131:13-55
166
167        <!-- custom Gallery Activity (Default Gallery View) -->
168        <activity
168-->src\main\AndroidManifest.xml:135:9-138:68
169            android:name="com.mcnc.bizmob.view.image.CustomGalleryActivity"
169-->src\main\AndroidManifest.xml:136:13-76
170            android:configChanges="orientation|keyboard|keyboardHidden|screenSize"
170-->src\main\AndroidManifest.xml:137:13-83
171            android:theme="@android:style/Theme.Light.NoTitleBar" />
171-->src\main\AndroidManifest.xml:138:13-66
172
173        <!-- local File Provider -->
174        <provider
175            android:name="com.mcnc.bizmob.core.provider.BMCLocalFileProvider"
175-->src\main\AndroidManifest.xml:142:13-78
176            android:authorities="com.mcnc.bizmob.manageapp.dev.provider"
176-->src\main\AndroidManifest.xml:143:13-60
177            android:exported="false" />
177-->src\main\AndroidManifest.xml:144:13-37
178
179        <!-- local File Provider -->
180        <provider
181            android:name="androidx.core.content.FileProvider"
181-->src\main\AndroidManifest.xml:148:13-62
182            android:authorities="com.mcnc.bizmob.manageapp.dev.fileprovider"
182-->src\main\AndroidManifest.xml:149:13-64
183            android:exported="false"
183-->src\main\AndroidManifest.xml:150:13-37
184            android:grantUriPermissions="true" >
184-->src\main\AndroidManifest.xml:151:13-47
185            <meta-data
185-->src\main\AndroidManifest.xml:152:13-154:53
186                android:name="android.support.FILE_PROVIDER_PATHS"
186-->src\main\AndroidManifest.xml:153:17-67
187                android:resource="@xml/filepaths" />
187-->src\main\AndroidManifest.xml:154:17-50
188        </provider>
189
190        <!-- FCM service tag -->
191        <service
191-->src\main\AndroidManifest.xml:158:9-163:19
192            android:name="com.mcnc.bizmob.fcm.BMFirebaseMessagingService"
192-->src\main\AndroidManifest.xml:158:18-79
193            android:exported="false" >
193-->src\main\AndroidManifest.xml:159:13-37
194            <intent-filter>
194-->src\main\AndroidManifest.xml:160:13-162:29
195                <action android:name="com.google.firebase.MESSAGING_EVENT" />
195-->src\main\AndroidManifest.xml:161:17-78
195-->src\main\AndroidManifest.xml:161:25-75
196            </intent-filter>
197        </service>
198
199        <!-- FCM 관련 정보 -->
200        <meta-data
200-->src\main\AndroidManifest.xml:166:9-168:71
201            android:name="com.google.firebase.messaging.default_notification_channel_id"
201-->src\main\AndroidManifest.xml:167:13-89
202            android:value="@string/notification_default_channel_id" />
202-->src\main\AndroidManifest.xml:168:13-68
203        <meta-data
203-->src\main\AndroidManifest.xml:169:9-171:54
204            android:name="com.google.firebase.messaging.default_notification_icon"
204-->src\main\AndroidManifest.xml:170:13-83
205            android:resource="@drawable/noti_icon" />
205-->src\main\AndroidManifest.xml:171:13-51
206
207        <service
207-->src\main\AndroidManifest.xml:172:9-178:19
208            android:name="com.mcnc.bizmob.plugin.sample.MessageClass"
208-->src\main\AndroidManifest.xml:172:18-75
209            android:exported="false" >
209-->src\main\AndroidManifest.xml:173:13-37
210            <intent-filter>
210-->src\main\AndroidManifest.xml:174:13-177:29
211                <action android:name="com.google.firebase.MESSAGING_EVENT" />
211-->src\main\AndroidManifest.xml:161:17-78
211-->src\main\AndroidManifest.xml:161:25-75
212                <action android:name="com.google.android.c2dm.intent.Recieve" />
212-->src\main\AndroidManifest.xml:176:17-80
212-->src\main\AndroidManifest.xml:176:25-78
213            </intent-filter>
214        </service>
215        <!-- device Regist Activity -->
216        <activity
216-->[:BM_Core_release:] AndroidManifest.xml:18:9-21:52
217            android:name="com.mcnc.bizmob.core.view.deviceregist.DeviceRegistActivity"
217-->[:BM_Core_release:] AndroidManifest.xml:19:13-87
218            android:configChanges="orientation|keyboardHidden|screenSize"
218-->[:BM_Core_release:] AndroidManifest.xml:20:13-74
219            android:screenOrientation="portrait" /> <!-- signature Activity -->
219-->[:BM_Core_release:] AndroidManifest.xml:21:13-49
220        <activity
220-->[:BM_Core_release:] AndroidManifest.xml:24:9-27:59
221            android:name="com.mcnc.bizmob.core.view.signature.SignatureActivity"
221-->[:BM_Core_release:] AndroidManifest.xml:25:13-81
222            android:configChanges="orientation|keyboardHidden|screenSize"
222-->[:BM_Core_release:] AndroidManifest.xml:26:13-74
223            android:theme="@android:style/Theme.Dialog" /> <!-- image View Activity (Gallery View) -->
223-->[:BM_Core_release:] AndroidManifest.xml:27:13-56
224        <activity
224-->[:BM_Core_release:] AndroidManifest.xml:30:9-33:56
225            android:name="com.mcnc.bizmob.core.view.image.ImageViewerActivity"
225-->[:BM_Core_release:] AndroidManifest.xml:31:13-79
226            android:configChanges="orientation|keyboardHidden|screenSize"
226-->[:BM_Core_release:] AndroidManifest.xml:32:13-74
227            android:theme="@style/Theme.Translucent" /> <!-- network Setting Activity -->
227-->[:BM_Core_release:] AndroidManifest.xml:33:13-53
228        <activity
228-->[:BM_Core_release:] AndroidManifest.xml:36:9-38:77
229            android:name="com.mcnc.bizmob.core.view.networksetting.NetworkSettingActivity"
229-->[:BM_Core_release:] AndroidManifest.xml:37:13-91
230            android:configChanges="orientation|keyboardHidden|screenSize" /> <!-- crash Log file list Viewer Activity -->
230-->[:BM_Core_release:] AndroidManifest.xml:38:13-74
231        <activity
231-->[:BM_Core_release:] AndroidManifest.xml:41:9-44:72
232            android:name="com.mcnc.bizmob.core.view.crash.CrashLogListViewerActivity"
232-->[:BM_Core_release:] AndroidManifest.xml:42:13-86
233            android:configChanges="orientation|keyboardHidden|screenSize"
233-->[:BM_Core_release:] AndroidManifest.xml:43:13-74
234            android:theme="@android:style/Theme.DeviceDefault.Light" /> <!-- crash Log file Viewer Activity -->
234-->[:BM_Core_release:] AndroidManifest.xml:44:13-69
235        <activity
235-->[:BM_Core_release:] AndroidManifest.xml:47:9-50:69
236            android:name="com.mcnc.bizmob.core.view.crash.CrashLogViewerActivity"
236-->[:BM_Core_release:] AndroidManifest.xml:48:13-82
237            android:configChanges="orientation|keyboardHidden|screenSize"
237-->[:BM_Core_release:] AndroidManifest.xml:49:13-74
238            android:theme="@android:style/Theme.Light.NoTitleBar" />
238-->[:BM_Core_release:] AndroidManifest.xml:50:13-66
239        <activity
239-->[com.journeyapps:zxing-android-embedded:3.6.0] AndroidManifest.xml:47:9-53:63
240            android:name="com.journeyapps.barcodescanner.CaptureActivity"
240-->[com.journeyapps:zxing-android-embedded:3.6.0] AndroidManifest.xml:48:13-74
241            android:clearTaskOnLaunch="true"
241-->[com.journeyapps:zxing-android-embedded:3.6.0] AndroidManifest.xml:49:13-45
242            android:screenOrientation="sensorLandscape"
242-->[com.journeyapps:zxing-android-embedded:3.6.0] AndroidManifest.xml:50:13-56
243            android:stateNotNeeded="true"
243-->[com.journeyapps:zxing-android-embedded:3.6.0] AndroidManifest.xml:51:13-42
244            android:theme="@style/zxing_CaptureTheme"
244-->[com.journeyapps:zxing-android-embedded:3.6.0] AndroidManifest.xml:52:13-54
245            android:windowSoftInputMode="stateAlwaysHidden" />
245-->[com.journeyapps:zxing-android-embedded:3.6.0] AndroidManifest.xml:53:13-60
246
247        <receiver
247-->[com.google.firebase:firebase-messaging:22.0.0] AndroidManifest.xml:28:9-35:20
248            android:name="com.google.firebase.iid.FirebaseInstanceIdReceiver"
248-->[com.google.firebase:firebase-messaging:22.0.0] AndroidManifest.xml:29:13-78
249            android:exported="true"
249-->[com.google.firebase:firebase-messaging:22.0.0] AndroidManifest.xml:30:13-36
250            android:permission="com.google.android.c2dm.permission.SEND" >
250-->[com.google.firebase:firebase-messaging:22.0.0] AndroidManifest.xml:31:13-73
251            <intent-filter>
251-->[com.google.firebase:firebase-messaging:22.0.0] AndroidManifest.xml:32:13-34:29
252                <action android:name="com.google.android.c2dm.intent.RECEIVE" />
252-->[com.google.firebase:firebase-messaging:22.0.0] AndroidManifest.xml:33:17-81
252-->[com.google.firebase:firebase-messaging:22.0.0] AndroidManifest.xml:33:25-78
253            </intent-filter>
254        </receiver>
255        <!--
256             FirebaseMessagingService performs security checks at runtime,
257             but set to not exported to explicitly avoid allowing another app to call it.
258        -->
259        <service
259-->[com.google.firebase:firebase-messaging:22.0.0] AndroidManifest.xml:41:9-48:19
260            android:name="com.google.firebase.messaging.FirebaseMessagingService"
260-->[com.google.firebase:firebase-messaging:22.0.0] AndroidManifest.xml:42:13-82
261            android:directBootAware="true"
261-->[com.google.firebase:firebase-messaging:22.0.0] AndroidManifest.xml:43:13-43
262            android:exported="false" >
262-->[com.google.firebase:firebase-messaging:22.0.0] AndroidManifest.xml:44:13-37
263            <intent-filter android:priority="-500" >
263-->src\main\AndroidManifest.xml:160:13-162:29
264                <action android:name="com.google.firebase.MESSAGING_EVENT" />
264-->src\main\AndroidManifest.xml:161:17-78
264-->src\main\AndroidManifest.xml:161:25-75
265            </intent-filter>
266        </service>
267        <service
267-->[com.google.firebase:firebase-messaging:22.0.0] AndroidManifest.xml:49:9-55:19
268            android:name="com.google.firebase.components.ComponentDiscoveryService"
268-->[com.google.firebase:firebase-messaging:22.0.0] AndroidManifest.xml:50:13-84
269            android:directBootAware="true"
269-->[com.google.firebase:firebase-common:20.3.2] AndroidManifest.xml:34:13-43
270            android:exported="false" >
270-->[com.google.firebase:firebase-messaging:22.0.0] AndroidManifest.xml:51:13-37
271            <meta-data
271-->[com.google.firebase:firebase-messaging:22.0.0] AndroidManifest.xml:52:13-54:85
272                android:name="com.google.firebase.components:com.google.firebase.messaging.FirebaseMessagingRegistrar"
272-->[com.google.firebase:firebase-messaging:22.0.0] AndroidManifest.xml:53:17-119
273                android:value="com.google.firebase.components.ComponentRegistrar" />
273-->[com.google.firebase:firebase-messaging:22.0.0] AndroidManifest.xml:54:17-82
274            <meta-data
274-->[com.google.firebase:firebase-auth:22.1.1] AndroidManifest.xml:69:13-71:85
275                android:name="com.google.firebase.components:com.google.firebase.auth.FirebaseAuthRegistrar"
275-->[com.google.firebase:firebase-auth:22.1.1] AndroidManifest.xml:70:17-109
276                android:value="com.google.firebase.components.ComponentRegistrar" />
276-->[com.google.firebase:firebase-auth:22.1.1] AndroidManifest.xml:71:17-82
277            <meta-data
277-->[com.google.firebase:firebase-firestore:24.7.1] AndroidManifest.xml:17:13-19:85
278                android:name="com.google.firebase.components:com.google.firebase.firestore.FirestoreRegistrar"
278-->[com.google.firebase:firebase-firestore:24.7.1] AndroidManifest.xml:18:17-111
279                android:value="com.google.firebase.components.ComponentRegistrar" />
279-->[com.google.firebase:firebase-firestore:24.7.1] AndroidManifest.xml:19:17-82
280            <meta-data
280-->[com.google.firebase:firebase-installations:17.0.0] AndroidManifest.xml:18:13-20:85
281                android:name="com.google.firebase.components:com.google.firebase.installations.FirebaseInstallationsRegistrar"
281-->[com.google.firebase:firebase-installations:17.0.0] AndroidManifest.xml:19:17-127
282                android:value="com.google.firebase.components.ComponentRegistrar" />
282-->[com.google.firebase:firebase-installations:17.0.0] AndroidManifest.xml:20:17-82
283            <meta-data
283-->[com.google.firebase:firebase-datatransport:18.0.0] AndroidManifest.xml:28:13-30:85
284                android:name="com.google.firebase.components:com.google.firebase.datatransport.TransportRegistrar"
284-->[com.google.firebase:firebase-datatransport:18.0.0] AndroidManifest.xml:29:17-115
285                android:value="com.google.firebase.components.ComponentRegistrar" />
285-->[com.google.firebase:firebase-datatransport:18.0.0] AndroidManifest.xml:30:17-82
286        </service>
287
288        <activity
288-->[com.google.firebase:firebase-auth:22.1.1] AndroidManifest.xml:29:9-46:20
289            android:name="com.google.firebase.auth.internal.GenericIdpActivity"
289-->[com.google.firebase:firebase-auth:22.1.1] AndroidManifest.xml:30:13-80
290            android:excludeFromRecents="true"
290-->[com.google.firebase:firebase-auth:22.1.1] AndroidManifest.xml:31:13-46
291            android:exported="true"
291-->[com.google.firebase:firebase-auth:22.1.1] AndroidManifest.xml:32:13-36
292            android:launchMode="singleTask"
292-->[com.google.firebase:firebase-auth:22.1.1] AndroidManifest.xml:33:13-44
293            android:theme="@android:style/Theme.Translucent.NoTitleBar" >
293-->[com.google.firebase:firebase-auth:22.1.1] AndroidManifest.xml:34:13-72
294            <intent-filter>
294-->[com.google.firebase:firebase-auth:22.1.1] AndroidManifest.xml:35:13-45:29
295                <action android:name="android.intent.action.VIEW" />
295-->src\main\AndroidManifest.xml:93:17-69
295-->src\main\AndroidManifest.xml:93:25-66
296
297                <category android:name="android.intent.category.DEFAULT" />
297-->src\main\AndroidManifest.xml:90:17-76
297-->src\main\AndroidManifest.xml:90:27-73
298                <category android:name="android.intent.category.BROWSABLE" />
298-->src\main\AndroidManifest.xml:91:17-78
298-->src\main\AndroidManifest.xml:91:27-75
299
300                <data
300-->src\main\AndroidManifest.xml:94:17-54
301                    android:host="firebase.auth"
302                    android:path="/"
303                    android:scheme="genericidp" />
303-->src\main\AndroidManifest.xml:94:23-51
304            </intent-filter>
305        </activity>
306        <activity
306-->[com.google.firebase:firebase-auth:22.1.1] AndroidManifest.xml:47:9-64:20
307            android:name="com.google.firebase.auth.internal.RecaptchaActivity"
307-->[com.google.firebase:firebase-auth:22.1.1] AndroidManifest.xml:48:13-79
308            android:excludeFromRecents="true"
308-->[com.google.firebase:firebase-auth:22.1.1] AndroidManifest.xml:49:13-46
309            android:exported="true"
309-->[com.google.firebase:firebase-auth:22.1.1] AndroidManifest.xml:50:13-36
310            android:launchMode="singleTask"
310-->[com.google.firebase:firebase-auth:22.1.1] AndroidManifest.xml:51:13-44
311            android:theme="@android:style/Theme.Translucent.NoTitleBar" >
311-->[com.google.firebase:firebase-auth:22.1.1] AndroidManifest.xml:52:13-72
312            <intent-filter>